<?xml version="1.0" encoding="UTF-8"?>
<testsuite xmlns:xsi="http://www.w3.org/2001/XMLSchema-instance" xsi:noNamespaceSchemaLocation="https://maven.apache.org/surefire/maven-surefire-plugin/xsd/surefire-test-report.xsd" name="com.example.springData.SpringDataApplicationTests" time="10.419" tests="1" errors="0" skipped="0" failures="0">
  <properties>
    <property name="sun.desktop" value="windows"/>
    <property name="awt.toolkit" value="sun.awt.windows.WToolkit"/>
    <property name="file.encoding.pkg" value="sun.io"/>
    <property name="java.specification.version" value="1.8"/>
    <property name="sun.cpu.isalist" value="amd64"/>
    <property name="sun.jnu.encoding" value="GBK"/>
    <property name="java.class.path" value="C:\workspace\byod\springData\target\test-classes;C:\workspace\byod\springData\target\classes;C:\SWTOOLS\apache-maven-3.3.9\repository\org\springframework\boot\spring-boot-starter\2.0.0.RELEASE\spring-boot-starter-2.0.0.RELEASE.jar;C:\SWTOOLS\apache-maven-3.3.9\repository\org\springframework\boot\spring-boot\2.0.0.RELEASE\spring-boot-2.0.0.RELEASE.jar;C:\SWTOOLS\apache-maven-3.3.9\repository\org\springframework\spring-context\5.0.4.RELEASE\spring-context-5.0.4.RELEASE.jar;C:\SWTOOLS\apache-maven-3.3.9\repository\org\springframework\boot\spring-boot-autoconfigure\2.0.0.RELEASE\spring-boot-autoconfigure-2.0.0.RELEASE.jar;C:\SWTOOLS\apache-maven-3.3.9\repository\org\springframework\boot\spring-boot-starter-logging\2.0.0.RELEASE\spring-boot-starter-logging-2.0.0.RELEASE.jar;C:\SWTOOLS\apache-maven-3.3.9\repository\ch\qos\logback\logback-classic\1.2.3\logback-classic-1.2.3.jar;C:\SWTOOLS\apache-maven-3.3.9\repository\ch\qos\logback\logback-core\1.2.3\logback-core-1.2.3.jar;C:\SWTOOLS\apache-maven-3.3.9\repository\org\apache\logging\log4j\log4j-to-slf4j\2.10.0\log4j-to-slf4j-2.10.0.jar;C:\SWTOOLS\apache-maven-3.3.9\repository\org\apache\logging\log4j\log4j-api\2.10.0\log4j-api-2.10.0.jar;C:\SWTOOLS\apache-maven-3.3.9\repository\org\slf4j\jul-to-slf4j\1.7.25\jul-to-slf4j-1.7.25.jar;C:\SWTOOLS\apache-maven-3.3.9\repository\javax\annotation\javax.annotation-api\1.3.2\javax.annotation-api-1.3.2.jar;C:\SWTOOLS\apache-maven-3.3.9\repository\org\springframework\spring-core\5.0.4.RELEASE\spring-core-5.0.4.RELEASE.jar;C:\SWTOOLS\apache-maven-3.3.9\repository\org\springframework\spring-jcl\5.0.4.RELEASE\spring-jcl-5.0.4.RELEASE.jar;C:\SWTOOLS\apache-maven-3.3.9\repository\org\yaml\snakeyaml\1.19\snakeyaml-1.19.jar;C:\SWTOOLS\apache-maven-3.3.9\repository\org\springframework\boot\spring-boot-starter-test\2.0.0.RELEASE\spring-boot-starter-test-2.0.0.RELEASE.jar;C:\SWTOOLS\apache-maven-3.3.9\repository\org\springframework\boot\spring-boot-test\2.0.0.RELEASE\spring-boot-test-2.0.0.RELEASE.jar;C:\SWTOOLS\apache-maven-3.3.9\repository\org\springframework\boot\spring-boot-test-autoconfigure\2.0.0.RELEASE\spring-boot-test-autoconfigure-2.0.0.RELEASE.jar;C:\SWTOOLS\apache-maven-3.3.9\repository\com\jayway\jsonpath\json-path\2.4.0\json-path-2.4.0.jar;C:\SWTOOLS\apache-maven-3.3.9\repository\net\minidev\json-smart\2.3\json-smart-2.3.jar;C:\SWTOOLS\apache-maven-3.3.9\repository\net\minidev\accessors-smart\1.2\accessors-smart-1.2.jar;C:\SWTOOLS\apache-maven-3.3.9\repository\org\ow2\asm\asm\5.0.4\asm-5.0.4.jar;C:\SWTOOLS\apache-maven-3.3.9\repository\org\slf4j\slf4j-api\1.7.25\slf4j-api-1.7.25.jar;C:\SWTOOLS\apache-maven-3.3.9\repository\junit\junit\4.12\junit-4.12.jar;C:\SWTOOLS\apache-maven-3.3.9\repository\org\assertj\assertj-core\3.9.1\assertj-core-3.9.1.jar;C:\SWTOOLS\apache-maven-3.3.9\repository\org\mockito\mockito-core\2.15.0\mockito-core-2.15.0.jar;C:\SWTOOLS\apache-maven-3.3.9\repository\net\bytebuddy\byte-buddy\1.7.10\byte-buddy-1.7.10.jar;C:\SWTOOLS\apache-maven-3.3.9\repository\net\bytebuddy\byte-buddy-agent\1.7.10\byte-buddy-agent-1.7.10.jar;C:\SWTOOLS\apache-maven-3.3.9\repository\org\objenesis\objenesis\2.6\objenesis-2.6.jar;C:\SWTOOLS\apache-maven-3.3.9\repository\org\hamcrest\hamcrest-core\1.3\hamcrest-core-1.3.jar;C:\SWTOOLS\apache-maven-3.3.9\repository\org\hamcrest\hamcrest-library\1.3\hamcrest-library-1.3.jar;C:\SWTOOLS\apache-maven-3.3.9\repository\org\skyscreamer\jsonassert\1.5.0\jsonassert-1.5.0.jar;C:\SWTOOLS\apache-maven-3.3.9\repository\com\vaadin\external\google\android-json\0.0.20131108.vaadin1\android-json-0.0.20131108.vaadin1.jar;C:\SWTOOLS\apache-maven-3.3.9\repository\org\springframework\spring-test\5.0.4.RELEASE\spring-test-5.0.4.RELEASE.jar;C:\SWTOOLS\apache-maven-3.3.9\repository\org\xmlunit\xmlunit-core\2.5.1\xmlunit-core-2.5.1.jar;C:\SWTOOLS\apache-maven-3.3.9\repository\org\springframework\boot\spring-boot-starter-web\2.0.0.RELEASE\spring-boot-starter-web-2.0.0.RELEASE.jar;C:\SWTOOLS\apache-maven-3.3.9\repository\org\springframework\boot\spring-boot-starter-json\2.0.0.RELEASE\spring-boot-starter-json-2.0.0.RELEASE.jar;C:\SWTOOLS\apache-maven-3.3.9\repository\com\fasterxml\jackson\core\jackson-databind\2.9.4\jackson-databind-2.9.4.jar;C:\SWTOOLS\apache-maven-3.3.9\repository\com\fasterxml\jackson\core\jackson-annotations\2.9.0\jackson-annotations-2.9.0.jar;C:\SWTOOLS\apache-maven-3.3.9\repository\com\fasterxml\jackson\core\jackson-core\2.9.4\jackson-core-2.9.4.jar;C:\SWTOOLS\apache-maven-3.3.9\repository\com\fasterxml\jackson\datatype\jackson-datatype-jdk8\2.9.4\jackson-datatype-jdk8-2.9.4.jar;C:\SWTOOLS\apache-maven-3.3.9\repository\com\fasterxml\jackson\datatype\jackson-datatype-jsr310\2.9.4\jackson-datatype-jsr310-2.9.4.jar;C:\SWTOOLS\apache-maven-3.3.9\repository\com\fasterxml\jackson\module\jackson-module-parameter-names\2.9.4\jackson-module-parameter-names-2.9.4.jar;C:\SWTOOLS\apache-maven-3.3.9\repository\org\hibernate\validator\hibernate-validator\6.0.7.Final\hibernate-validator-6.0.7.Final.jar;C:\SWTOOLS\apache-maven-3.3.9\repository\javax\validation\validation-api\2.0.1.Final\validation-api-2.0.1.Final.jar;C:\SWTOOLS\apache-maven-3.3.9\repository\org\jboss\logging\jboss-logging\3.3.2.Final\jboss-logging-3.3.2.Final.jar;C:\SWTOOLS\apache-maven-3.3.9\repository\com\fasterxml\classmate\1.3.4\classmate-1.3.4.jar;C:\SWTOOLS\apache-maven-3.3.9\repository\org\springframework\spring-web\5.0.4.RELEASE\spring-web-5.0.4.RELEASE.jar;C:\SWTOOLS\apache-maven-3.3.9\repository\org\springframework\spring-beans\5.0.4.RELEASE\spring-beans-5.0.4.RELEASE.jar;C:\SWTOOLS\apache-maven-3.3.9\repository\org\springframework\spring-webmvc\5.0.4.RELEASE\spring-webmvc-5.0.4.RELEASE.jar;C:\SWTOOLS\apache-maven-3.3.9\repository\org\springframework\spring-expression\5.0.4.RELEASE\spring-expression-5.0.4.RELEASE.jar;C:\SWTOOLS\apache-maven-3.3.9\repository\org\springframework\boot\spring-boot-starter-aop\2.0.0.RELEASE\spring-boot-starter-aop-2.0.0.RELEASE.jar;C:\SWTOOLS\apache-maven-3.3.9\repository\org\springframework\spring-aop\5.0.4.RELEASE\spring-aop-5.0.4.RELEASE.jar;C:\SWTOOLS\apache-maven-3.3.9\repository\org\aspectj\aspectjweaver\1.8.13\aspectjweaver-1.8.13.jar;C:\SWTOOLS\apache-maven-3.3.9\repository\org\springframework\boot\spring-boot-starter-tomcat\2.0.0.RELEASE\spring-boot-starter-tomcat-2.0.0.RELEASE.jar;C:\SWTOOLS\apache-maven-3.3.9\repository\org\apache\tomcat\embed\tomcat-embed-core\8.5.28\tomcat-embed-core-8.5.28.jar;C:\SWTOOLS\apache-maven-3.3.9\repository\org\apache\tomcat\embed\tomcat-embed-el\8.5.28\tomcat-embed-el-8.5.28.jar;C:\SWTOOLS\apache-maven-3.3.9\repository\org\apache\tomcat\embed\tomcat-embed-websocket\8.5.28\tomcat-embed-websocket-8.5.28.jar;C:\SWTOOLS\apache-maven-3.3.9\repository\org\springframework\boot\spring-boot-starter-data-jpa\2.0.0.RELEASE\spring-boot-starter-data-jpa-2.0.0.RELEASE.jar;C:\SWTOOLS\apache-maven-3.3.9\repository\org\springframework\boot\spring-boot-starter-jdbc\2.0.0.RELEASE\spring-boot-starter-jdbc-2.0.0.RELEASE.jar;C:\SWTOOLS\apache-maven-3.3.9\repository\com\zaxxer\HikariCP\2.7.8\HikariCP-2.7.8.jar;C:\SWTOOLS\apache-maven-3.3.9\repository\org\springframework\spring-jdbc\5.0.4.RELEASE\spring-jdbc-5.0.4.RELEASE.jar;C:\SWTOOLS\apache-maven-3.3.9\repository\org\hibernate\hibernate-core\5.2.14.Final\hibernate-core-5.2.14.Final.jar;C:\SWTOOLS\apache-maven-3.3.9\repository\org\hibernate\javax\persistence\hibernate-jpa-2.1-api\1.0.0.Final\hibernate-jpa-2.1-api-1.0.0.Final.jar;C:\SWTOOLS\apache-maven-3.3.9\repository\org\javassist\javassist\3.22.0-GA\javassist-3.22.0-GA.jar;C:\SWTOOLS\apache-maven-3.3.9\repository\antlr\antlr\2.7.7\antlr-2.7.7.jar;C:\SWTOOLS\apache-maven-3.3.9\repository\org\jboss\jandex\2.0.3.Final\jandex-2.0.3.Final.jar;C:\SWTOOLS\apache-maven-3.3.9\repository\dom4j\dom4j\1.6.1\dom4j-1.6.1.jar;C:\SWTOOLS\apache-maven-3.3.9\repository\org\hibernate\common\hibernate-commons-annotations\5.0.1.Final\hibernate-commons-annotations-5.0.1.Final.jar;C:\SWTOOLS\apache-maven-3.3.9\repository\javax\transaction\javax.transaction-api\1.2\javax.transaction-api-1.2.jar;C:\SWTOOLS\apache-maven-3.3.9\repository\org\springframework\data\spring-data-jpa\2.0.5.RELEASE\spring-data-jpa-2.0.5.RELEASE.jar;C:\SWTOOLS\apache-maven-3.3.9\repository\org\springframework\data\spring-data-commons\2.0.5.RELEASE\spring-data-commons-2.0.5.RELEASE.jar;C:\SWTOOLS\apache-maven-3.3.9\repository\org\springframework\spring-orm\5.0.4.RELEASE\spring-orm-5.0.4.RELEASE.jar;C:\SWTOOLS\apache-maven-3.3.9\repository\org\springframework\spring-tx\5.0.4.RELEASE\spring-tx-5.0.4.RELEASE.jar;C:\SWTOOLS\apache-maven-3.3.9\repository\org\springframework\spring-aspects\5.0.4.RELEASE\spring-aspects-5.0.4.RELEASE.jar;C:\SWTOOLS\apache-maven-3.3.9\repository\mysql\mysql-connector-java\5.1.45\mysql-connector-java-5.1.45.jar;"/>
    <property name="java.vm.vendor" value="Oracle Corporation"/>
    <property name="sun.arch.data.model" value="64"/>
    <property name="user.variant" value=""/>
    <property name="java.vendor.url" value="http://java.oracle.com/"/>
    <property name="user.timezone" value=""/>
    <property name="user.country.format" value="CN"/>
    <property name="java.vm.specification.version" value="1.8"/>
    <property name="os.name" value="Windows 7"/>
    <property name="user.country" value="US"/>
    <property name="sun.java.launcher" value="SUN_STANDARD"/>
    <property name="sun.boot.library.path" value="C:\Program Files\Java\jdk1.8.0_121\jre\bin"/>
    <property name="sun.java.command" value="C:\Users\Wendy\AppData\Local\Temp\surefire7920833744574382462\surefirebooter5014816714927234854.jar C:\Users\Wendy\AppData\Local\Temp\surefire7920833744574382462 2018-03-21T16-07-44_751-jvmRun1 surefire865826384132985343tmp surefire_08398902204782157053tmp"/>
    <property name="surefire.test.class.path" value="C:\workspace\byod\springData\target\test-classes;C:\workspace\byod\springData\target\classes;C:\SWTOOLS\apache-maven-3.3.9\repository\org\springframework\boot\spring-boot-starter\2.0.0.RELEASE\spring-boot-starter-2.0.0.RELEASE.jar;C:\SWTOOLS\apache-maven-3.3.9\repository\org\springframework\boot\spring-boot\2.0.0.RELEASE\spring-boot-2.0.0.RELEASE.jar;C:\SWTOOLS\apache-maven-3.3.9\repository\org\springframework\spring-context\5.0.4.RELEASE\spring-context-5.0.4.RELEASE.jar;C:\SWTOOLS\apache-maven-3.3.9\repository\org\springframework\boot\spring-boot-autoconfigure\2.0.0.RELEASE\spring-boot-autoconfigure-2.0.0.RELEASE.jar;C:\SWTOOLS\apache-maven-3.3.9\repository\org\springframework\boot\spring-boot-starter-logging\2.0.0.RELEASE\spring-boot-starter-logging-2.0.0.RELEASE.jar;C:\SWTOOLS\apache-maven-3.3.9\repository\ch\qos\logback\logback-classic\1.2.3\logback-classic-1.2.3.jar;C:\SWTOOLS\apache-maven-3.3.9\repository\ch\qos\logback\logback-core\1.2.3\logback-core-1.2.3.jar;C:\SWTOOLS\apache-maven-3.3.9\repository\org\apache\logging\log4j\log4j-to-slf4j\2.10.0\log4j-to-slf4j-2.10.0.jar;C:\SWTOOLS\apache-maven-3.3.9\repository\org\apache\logging\log4j\log4j-api\2.10.0\log4j-api-2.10.0.jar;C:\SWTOOLS\apache-maven-3.3.9\repository\org\slf4j\jul-to-slf4j\1.7.25\jul-to-slf4j-1.7.25.jar;C:\SWTOOLS\apache-maven-3.3.9\repository\javax\annotation\javax.annotation-api\1.3.2\javax.annotation-api-1.3.2.jar;C:\SWTOOLS\apache-maven-3.3.9\repository\org\springframework\spring-core\5.0.4.RELEASE\spring-core-5.0.4.RELEASE.jar;C:\SWTOOLS\apache-maven-3.3.9\repository\org\springframework\spring-jcl\5.0.4.RELEASE\spring-jcl-5.0.4.RELEASE.jar;C:\SWTOOLS\apache-maven-3.3.9\repository\org\yaml\snakeyaml\1.19\snakeyaml-1.19.jar;C:\SWTOOLS\apache-maven-3.3.9\repository\org\springframework\boot\spring-boot-starter-test\2.0.0.RELEASE\spring-boot-starter-test-2.0.0.RELEASE.jar;C:\SWTOOLS\apache-maven-3.3.9\repository\org\springframework\boot\spring-boot-test\2.0.0.RELEASE\spring-boot-test-2.0.0.RELEASE.jar;C:\SWTOOLS\apache-maven-3.3.9\repository\org\springframework\boot\spring-boot-test-autoconfigure\2.0.0.RELEASE\spring-boot-test-autoconfigure-2.0.0.RELEASE.jar;C:\SWTOOLS\apache-maven-3.3.9\repository\com\jayway\jsonpath\json-path\2.4.0\json-path-2.4.0.jar;C:\SWTOOLS\apache-maven-3.3.9\repository\net\minidev\json-smart\2.3\json-smart-2.3.jar;C:\SWTOOLS\apache-maven-3.3.9\repository\net\minidev\accessors-smart\1.2\accessors-smart-1.2.jar;C:\SWTOOLS\apache-maven-3.3.9\repository\org\ow2\asm\asm\5.0.4\asm-5.0.4.jar;C:\SWTOOLS\apache-maven-3.3.9\repository\org\slf4j\slf4j-api\1.7.25\slf4j-api-1.7.25.jar;C:\SWTOOLS\apache-maven-3.3.9\repository\junit\junit\4.12\junit-4.12.jar;C:\SWTOOLS\apache-maven-3.3.9\repository\org\assertj\assertj-core\3.9.1\assertj-core-3.9.1.jar;C:\SWTOOLS\apache-maven-3.3.9\repository\org\mockito\mockito-core\2.15.0\mockito-core-2.15.0.jar;C:\SWTOOLS\apache-maven-3.3.9\repository\net\bytebuddy\byte-buddy\1.7.10\byte-buddy-1.7.10.jar;C:\SWTOOLS\apache-maven-3.3.9\repository\net\bytebuddy\byte-buddy-agent\1.7.10\byte-buddy-agent-1.7.10.jar;C:\SWTOOLS\apache-maven-3.3.9\repository\org\objenesis\objenesis\2.6\objenesis-2.6.jar;C:\SWTOOLS\apache-maven-3.3.9\repository\org\hamcrest\hamcrest-core\1.3\hamcrest-core-1.3.jar;C:\SWTOOLS\apache-maven-3.3.9\repository\org\hamcrest\hamcrest-library\1.3\hamcrest-library-1.3.jar;C:\SWTOOLS\apache-maven-3.3.9\repository\org\skyscreamer\jsonassert\1.5.0\jsonassert-1.5.0.jar;C:\SWTOOLS\apache-maven-3.3.9\repository\com\vaadin\external\google\android-json\0.0.20131108.vaadin1\android-json-0.0.20131108.vaadin1.jar;C:\SWTOOLS\apache-maven-3.3.9\repository\org\springframework\spring-test\5.0.4.RELEASE\spring-test-5.0.4.RELEASE.jar;C:\SWTOOLS\apache-maven-3.3.9\repository\org\xmlunit\xmlunit-core\2.5.1\xmlunit-core-2.5.1.jar;C:\SWTOOLS\apache-maven-3.3.9\repository\org\springframework\boot\spring-boot-starter-web\2.0.0.RELEASE\spring-boot-starter-web-2.0.0.RELEASE.jar;C:\SWTOOLS\apache-maven-3.3.9\repository\org\springframework\boot\spring-boot-starter-json\2.0.0.RELEASE\spring-boot-starter-json-2.0.0.RELEASE.jar;C:\SWTOOLS\apache-maven-3.3.9\repository\com\fasterxml\jackson\core\jackson-databind\2.9.4\jackson-databind-2.9.4.jar;C:\SWTOOLS\apache-maven-3.3.9\repository\com\fasterxml\jackson\core\jackson-annotations\2.9.0\jackson-annotations-2.9.0.jar;C:\SWTOOLS\apache-maven-3.3.9\repository\com\fasterxml\jackson\core\jackson-core\2.9.4\jackson-core-2.9.4.jar;C:\SWTOOLS\apache-maven-3.3.9\repository\com\fasterxml\jackson\datatype\jackson-datatype-jdk8\2.9.4\jackson-datatype-jdk8-2.9.4.jar;C:\SWTOOLS\apache-maven-3.3.9\repository\com\fasterxml\jackson\datatype\jackson-datatype-jsr310\2.9.4\jackson-datatype-jsr310-2.9.4.jar;C:\SWTOOLS\apache-maven-3.3.9\repository\com\fasterxml\jackson\module\jackson-module-parameter-names\2.9.4\jackson-module-parameter-names-2.9.4.jar;C:\SWTOOLS\apache-maven-3.3.9\repository\org\hibernate\validator\hibernate-validator\6.0.7.Final\hibernate-validator-6.0.7.Final.jar;C:\SWTOOLS\apache-maven-3.3.9\repository\javax\validation\validation-api\2.0.1.Final\validation-api-2.0.1.Final.jar;C:\SWTOOLS\apache-maven-3.3.9\repository\org\jboss\logging\jboss-logging\3.3.2.Final\jboss-logging-3.3.2.Final.jar;C:\SWTOOLS\apache-maven-3.3.9\repository\com\fasterxml\classmate\1.3.4\classmate-1.3.4.jar;C:\SWTOOLS\apache-maven-3.3.9\repository\org\springframework\spring-web\5.0.4.RELEASE\spring-web-5.0.4.RELEASE.jar;C:\SWTOOLS\apache-maven-3.3.9\repository\org\springframework\spring-beans\5.0.4.RELEASE\spring-beans-5.0.4.RELEASE.jar;C:\SWTOOLS\apache-maven-3.3.9\repository\org\springframework\spring-webmvc\5.0.4.RELEASE\spring-webmvc-5.0.4.RELEASE.jar;C:\SWTOOLS\apache-maven-3.3.9\repository\org\springframework\spring-expression\5.0.4.RELEASE\spring-expression-5.0.4.RELEASE.jar;C:\SWTOOLS\apache-maven-3.3.9\repository\org\springframework\boot\spring-boot-starter-aop\2.0.0.RELEASE\spring-boot-starter-aop-2.0.0.RELEASE.jar;C:\SWTOOLS\apache-maven-3.3.9\repository\org\springframework\spring-aop\5.0.4.RELEASE\spring-aop-5.0.4.RELEASE.jar;C:\SWTOOLS\apache-maven-3.3.9\repository\org\aspectj\aspectjweaver\1.8.13\aspectjweaver-1.8.13.jar;C:\SWTOOLS\apache-maven-3.3.9\repository\org\springframework\boot\spring-boot-starter-tomcat\2.0.0.RELEASE\spring-boot-starter-tomcat-2.0.0.RELEASE.jar;C:\SWTOOLS\apache-maven-3.3.9\repository\org\apache\tomcat\embed\tomcat-embed-core\8.5.28\tomcat-embed-core-8.5.28.jar;C:\SWTOOLS\apache-maven-3.3.9\repository\org\apache\tomcat\embed\tomcat-embed-el\8.5.28\tomcat-embed-el-8.5.28.jar;C:\SWTOOLS\apache-maven-3.3.9\repository\org\apache\tomcat\embed\tomcat-embed-websocket\8.5.28\tomcat-embed-websocket-8.5.28.jar;C:\SWTOOLS\apache-maven-3.3.9\repository\org\springframework\boot\spring-boot-starter-data-jpa\2.0.0.RELEASE\spring-boot-starter-data-jpa-2.0.0.RELEASE.jar;C:\SWTOOLS\apache-maven-3.3.9\repository\org\springframework\boot\spring-boot-starter-jdbc\2.0.0.RELEASE\spring-boot-starter-jdbc-2.0.0.RELEASE.jar;C:\SWTOOLS\apache-maven-3.3.9\repository\com\zaxxer\HikariCP\2.7.8\HikariCP-2.7.8.jar;C:\SWTOOLS\apache-maven-3.3.9\repository\org\springframework\spring-jdbc\5.0.4.RELEASE\spring-jdbc-5.0.4.RELEASE.jar;C:\SWTOOLS\apache-maven-3.3.9\repository\org\hibernate\hibernate-core\5.2.14.Final\hibernate-core-5.2.14.Final.jar;C:\SWTOOLS\apache-maven-3.3.9\repository\org\hibernate\javax\persistence\hibernate-jpa-2.1-api\1.0.0.Final\hibernate-jpa-2.1-api-1.0.0.Final.jar;C:\SWTOOLS\apache-maven-3.3.9\repository\org\javassist\javassist\3.22.0-GA\javassist-3.22.0-GA.jar;C:\SWTOOLS\apache-maven-3.3.9\repository\antlr\antlr\2.7.7\antlr-2.7.7.jar;C:\SWTOOLS\apache-maven-3.3.9\repository\org\jboss\jandex\2.0.3.Final\jandex-2.0.3.Final.jar;C:\SWTOOLS\apache-maven-3.3.9\repository\dom4j\dom4j\1.6.1\dom4j-1.6.1.jar;C:\SWTOOLS\apache-maven-3.3.9\repository\org\hibernate\common\hibernate-commons-annotations\5.0.1.Final\hibernate-commons-annotations-5.0.1.Final.jar;C:\SWTOOLS\apache-maven-3.3.9\repository\javax\transaction\javax.transaction-api\1.2\javax.transaction-api-1.2.jar;C:\SWTOOLS\apache-maven-3.3.9\repository\org\springframework\data\spring-data-jpa\2.0.5.RELEASE\spring-data-jpa-2.0.5.RELEASE.jar;C:\SWTOOLS\apache-maven-3.3.9\repository\org\springframework\data\spring-data-commons\2.0.5.RELEASE\spring-data-commons-2.0.5.RELEASE.jar;C:\SWTOOLS\apache-maven-3.3.9\repository\org\springframework\spring-orm\5.0.4.RELEASE\spring-orm-5.0.4.RELEASE.jar;C:\SWTOOLS\apache-maven-3.3.9\repository\org\springframework\spring-tx\5.0.4.RELEASE\spring-tx-5.0.4.RELEASE.jar;C:\SWTOOLS\apache-maven-3.3.9\repository\org\springframework\spring-aspects\5.0.4.RELEASE\spring-aspects-5.0.4.RELEASE.jar;C:\SWTOOLS\apache-maven-3.3.9\repository\mysql\mysql-connector-java\5.1.45\mysql-connector-java-5.1.45.jar;"/>
    <property name="sun.cpu.endian" value="little"/>
    <property name="user.home" value="C:\Users\Wendy"/>
    <property name="user.language" value="en"/>
    <property name="java.specification.vendor" value="Oracle Corporation"/>
    <property name="java.home" value="C:\Program Files\Java\jdk1.8.0_121\jre"/>
    <property name="basedir" value="C:\workspace\byod\springData"/>
    <property name="file.separator" value="\"/>
    <property name="line.separator" value="&#10;"/>
    <property name="java.vm.specification.vendor" value="Oracle Corporation"/>
    <property name="java.specification.name" value="Java Platform API Specification"/>
    <property name="java.awt.graphicsenv" value="sun.awt.Win32GraphicsEnvironment"/>
    <property name="surefire.real.class.path" value="C:\Users\Wendy\AppData\Local\Temp\surefire7920833744574382462\surefirebooter5014816714927234854.jar"/>
    <property name="sun.boot.class.path" value="C:\Program Files\Java\jdk1.8.0_121\jre\lib\resources.jar;C:\Program Files\Java\jdk1.8.0_121\jre\lib\rt.jar;C:\Program Files\Java\jdk1.8.0_121\jre\lib\sunrsasign.jar;C:\Program Files\Java\jdk1.8.0_121\jre\lib\jsse.jar;C:\Program Files\Java\jdk1.8.0_121\jre\lib\jce.jar;C:\Program Files\Java\jdk1.8.0_121\jre\lib\charsets.jar;C:\Program Files\Java\jdk1.8.0_121\jre\lib\jfr.jar;C:\Program Files\Java\jdk1.8.0_121\jre\classes"/>
    <property name="user.script" value=""/>
    <property name="sun.management.compiler" value="HotSpot 64-Bit Tiered Compilers"/>
    <property name="java.runtime.version" value="1.8.0_121-b13"/>
    <property name="user.name" value="Wendy"/>
    <property name="path.separator" value=";"/>
    <property name="os.version" value="6.1"/>
    <property name="java.endorsed.dirs" value="C:\Program Files\Java\jdk1.8.0_121\jre\lib\endorsed"/>
    <property name="java.runtime.name" value="Java(TM) SE Runtime Environment"/>
    <property name="file.encoding" value="GBK"/>
    <property name="java.vm.name" value="Java HotSpot(TM) 64-Bit Server VM"/>
    <property name="localRepository" value="C:\SWTOOLS\apache-maven-3.3.9\repository"/>
    <property name="java.vendor.url.bug" value="http://bugreport.sun.com/bugreport/"/>
    <property name="java.io.tmpdir" value="C:\Users\Wendy\AppData\Local\Temp\"/>
    <property name="java.version" value="1.8.0_121"/>
    <property name="user.dir" value="C:\workspace\byod\springData"/>
    <property name="os.arch" value="amd64"/>
    <property name="java.vm.specification.name" value="Java Virtual Machine Specification"/>
    <property name="java.awt.printerjob" value="sun.awt.windows.WPrinterJob"/>
    <property name="user.language.format" value="zh"/>
    <property name="sun.os.patch.level" value="Service Pack 1"/>
    <property name="java.library.path" value="C:\Program Files\Java\jdk1.8.0_121\jre\bin;C:\windows\Sun\Java\bin;C:\windows\system32;C:\windows;C:/Program Files/Java/jre1.8.0_144/bin/server;C:/Program Files/Java/jre1.8.0_144/bin;C:/Program Files/Java/jre1.8.0_144/lib/amd64;C:\ProgramData\Oracle\Java\javapath;C:\Program Files (x86)\Intel\iCLS Client\;C:\Program Files\Intel\iCLS Client\;C:\windows\system32;C:\windows;C:\windows\System32\Wbem;C:\windows\System32\WindowsPowerShell\v1.0\;C:\Program Files (x86)\Intel\Intel(R) Management Engine Components\DAL;C:\Program Files\Intel\Intel(R) Management Engine Components\DAL;C:\Program Files (x86)\Intel\Intel(R) Management Engine Components\IPT;C:\Program Files\Intel\Intel(R) Management Engine Components\IPT;C:\Program Files\Intel\WiFi\bin\;C:\Program Files\Common Files\Intel\WirelessCommon\;C:\Program Files\Lenovo\Fingerprint Manager Pro\;C:\Program Files (x86)\Common Files\Lenovo;C:\ProgramData\Lenovo\ReadyApps;C:\Users\Wendy\Software\SVN\bin;C:\Program Files\Java\jdk1.8.0_121\bin;C:\Program Files\Java\jdk1.8.0_121\jre\bin;C:\Users\Wendy\Software\TortoiseGit\bin;C:\SWTOOLS\apache-maven-3.3.9\bin;C:\Program Files (x86)\Sybase\PowerDesigner 16;%CATALINA_HOME%\bin\catalina.bat;C:\Program Files\VisualSVN Server\bin;C:\Program Files\Java\jdk1.8.0_121\bin;C:\Program Files\nodejs\;C:\Program Files (x86)\SSH Communications Security\SSH Secure Shell;C:\Users\Wendy\AppData\Roaming\npm;C:\SWTOOLS\sts-bundle\sts-3.8.3.RELEASE;;."/>
    <property name="java.vm.info" value="mixed mode"/>
    <property name="java.vendor" value="Oracle Corporation"/>
    <property name="java.vm.version" value="25.121-b13"/>
    <property name="java.ext.dirs" value="C:\Program Files\Java\jdk1.8.0_121\jre\lib\ext;C:\windows\Sun\Java\lib\ext"/>
    <property name="sun.io.unicode.encoding" value="UnicodeLittle"/>
    <property name="java.class.version" value="52.0"/>
  </properties>
  <testcase name="contextLoads" classname="com.example.springData.SpringDataApplicationTests" time="0.631"/>
</testsuite>